[debug] [2023-02-13T11:15:17.771Z] ----------------------------------------------------------------------
[debug] [2023-02-13T11:15:17.773Z] Command:       /Users/nicolasmercier/.nvm/versions/node/v14.15.5/bin/node /Users/nicolasmercier/.nvm/versions/node/v14.15.5/bin/firebase init
[debug] [2023-02-13T11:15:17.773Z] CLI Version:   10.2.2
[debug] [2023-02-13T11:15:17.773Z] Platform:      darwin
[debug] [2023-02-13T11:15:17.773Z] Node Version:  v14.15.5
[debug] [2023-02-13T11:15:17.774Z] Time:          Mon Feb 13 2023 12:15:17 GMT+0100 (heure normale d’Europe centrale)
[debug] [2023-02-13T11:15:17.774Z] ----------------------------------------------------------------------
[debug] 
[debug] [2023-02-13T11:15:17.781Z] > command requires scopes: ["email","openid","https://www.googleapis.com/auth/cloudplatformprojects.readonly","https://www.googleapis.com/auth/firebase","https://www.googleapis.com/auth/cloud-platform"]
[debug] [2023-02-13T11:15:17.781Z] > authorizing via signed-in user (mercier.ncls@gmail.com)
[info] 
     ######## #### ########  ######## ########     ###     ######  ########
     ##        ##  ##     ## ##       ##     ##  ##   ##  ##       ##
     ######    ##  ########  ######   ########  #########  ######  ######
     ##        ##  ##    ##  ##       ##     ## ##     ##       ## ##
     ##       #### ##     ## ######## ########  ##     ##  ######  ########

You're about to initialize a Firebase project in this directory:

  /Users/nicolasmercier/Code/REACT-TEST

[info] 
=== Project Setup
[info] 
[info] First, let's associate this project directory with a Firebase project.
[info] You can create multiple project aliases by running firebase use --add, 
[info] but for now we'll just set up a default project.
[info] 
[debug] [2023-02-13T11:15:23.917Z] > refreshing access token with scopes: []
[debug] [2023-02-13T11:15:23.919Z] >>> HTTP REQUEST POST https://www.googleapis.com/oauth2/v3/token  
 <request body omitted>
[debug] [2023-02-13T11:15:24.042Z] <<< HTTP RESPONSE 400 {"date":"Mon, 13 Feb 2023 11:15:24 GMT","pragma":"no-cache","expires":"Mon, 01 Jan 1990 00:00:00 GMT","cache-control":"no-cache, no-store, max-age=0, must-revalidate","content-type":"application/json; charset=utf-8","vary":"X-Origin, Referer, Origin,Accept-Encoding","server":"scaffolding on HTTPServer2","x-xss-protection":"0","x-frame-options":"SAMEORIGIN","x-content-type-options":"nosniff","alt-svc":"h3=\":443\"; ma=2592000,h3-29=\":443\"; ma=2592000","accept-ranges":"none","transfer-encoding":"chunked"}
[debug] [2023-02-13T11:15:24.045Z] >>> [apiv2][query] GET https://firebase.googleapis.com/v1beta1/projects pageSize=100
[debug] [2023-02-13T11:15:24.185Z] <<< [apiv2][status] GET https://firebase.googleapis.com/v1beta1/projects 401
[debug] [2023-02-13T11:15:24.185Z] <<< [apiv2][body] GET https://firebase.googleapis.com/v1beta1/projects [omitted]
[debug] [2023-02-13T11:15:24.186Z] HTTP Error: 401, Request had invalid authentication credentials. Expected OAuth 2 access token, login cookie or other valid authentication credential. See https://developers.google.com/identity/sign-in/web/devconsole-project.
[debug] [2023-02-13T11:15:24.254Z] FirebaseError: HTTP Error: 401, Request had invalid authentication credentials. Expected OAuth 2 access token, login cookie or other valid authentication credential. See https://developers.google.com/identity/sign-in/web/devconsole-project.
    at module.exports (/Users/nicolasmercier/.nvm/versions/node/v14.15.5/lib/node_modules/firebase-tools/lib/responseToError.js:47:12)
    at RetryOperation._fn (/Users/nicolasmercier/.nvm/versions/node/v14.15.5/lib/node_modules/firebase-tools/lib/apiv2.js:286:39)
    at processTicksAndRejections (internal/process/task_queues.js:93:5)
[error] 
[error] Error: Failed to list Firebase projects. See firebase-debug.log for more info.
